   ********************************************
   ***                                      ***
   ***             FoldX 5 (c)            ***
   ***                                      ***
   ***     code by the FoldX Consortium     ***
   ***                                      ***
   ***     Jesper Borg, Frederic Rousseau   ***
   ***    Joost Schymkowitz, Luis Serrano   ***
   ***    Peter Vanhee, Erik Verschueren    ***
   ***     Lies Baeten, Javier Delgado      ***
   ***       and Francois Stricher          ***
   *** and any other of the 9! permutations ***
   ***   based on an original concept by    ***
   ***   Raphael Guerois and Luis Serrano   ***
   ********************************************

Reading config file 'runfile.txt'
Start RepairPDB >>>

1 models read: Q15697_P28698_scand_complex_model0_checked.pdb
"Q15697_P28698_scand_complex_model0_checked_Repair.fxout"
Repair will take all residues into account
wild type

BackHbond       =               -117.07
SideHbond       =               -22.37
Energy_VdW      =               -170.41
Electro         =               -9.74
Energy_SolvP    =               232.11
Energy_SolvH    =               -228.11
Energy_vdwclash =               13.87
energy_torsion  =               2.39
backbone_vdwclash=              131.16
Entropy_sidec   =               96.81
Entropy_mainc   =               197.94
water bonds     =               0.00
helix dipole    =               -3.31
loop_entropy    =               0.00
cis_bond        =               0.00
disulfide       =               0.00
kn electrostatic=               -1.55
partial covalent interactions = 0.00
Energy_Ionisation =             0.17
Entropy Complex =               0.00
-----------------------------------------------------------
Total          = 				  -9.26

Flipping HNQ

BackHbond       =               -117.07
SideHbond       =               -22.37
Energy_VdW      =               -170.41
Electro         =               -9.74
Energy_SolvP    =               232.01
Energy_SolvH    =               -228.14
Energy_vdwclash =               13.87
energy_torsion  =               2.44
backbone_vdwclash=              131.16
Entropy_sidec   =               96.81
Entropy_mainc   =               197.94
water bonds     =               0.00
helix dipole    =               -3.31
loop_entropy    =               0.00
cis_bond        =               0.00
disulfide       =               0.00
kn electrostatic=               -1.55
partial covalent interactions = 0.00
Energy_Ionisation =             0.17
Entropy Complex =               0.00
-----------------------------------------------------------
Total          = 				  -9.34

Now Optimizing Residues
Now optimizing Residue ARGA1
Optimize Residue ID= ARGA1

BackHbond       =               -117.08
SideHbond       =               -22.37
Energy_VdW      =               -170.42
Electro         =               -9.77
Energy_SolvP    =               231.96
Energy_SolvH    =               -228.14
Energy_vdwclash =               13.87
energy_torsion  =               2.44
backbone_vdwclash=              131.17
Entropy_sidec   =               96.79
Entropy_mainc   =               197.94
water bonds     =               0.00
helix dipole    =               -3.31
loop_entropy    =               0.00
cis_bond        =               0.00
disulfide       =               0.00
kn electrostatic=               -1.55
partial covalent interactions = 0.00
Energy_Ionisation =             0.17
Entropy Complex =               0.00
-----------------------------------------------------------
Total          = 				  -9.45

Now optimizing Residue LEUA2
Optimize Residue ID= LEUA2

BackHbond       =               -117.08
SideHbond       =               -22.37
Energy_VdW      =               -170.42
Electro         =               -9.77
Energy_SolvP    =               231.96
Energy_SolvH    =               -228.14
Energy_vdwclash =               13.87
energy_torsion  =               2.44
backbone_vdwclash=              131.17
Entropy_sidec   =               96.79
Entropy_mainc   =               197.94
water bonds     =               0.00
helix dipole    =               -3.31
loop_entropy    =               0.00
cis_bond        =               0.00
disulfide       =               0.00
kn electrostatic=               -1.55
partial covalent interactions = 0.00
Energy_Ionisation =             0.17
Entropy Complex =               0.00
-----------------------------------------------------------
Total          = 				  -9.46

Now optimizing Residue ARGA3
Optimize Residue ID= ARGA3

BackHbond       =               -117.08
SideHbond       =               -22.37
Energy_VdW      =               -170.39
Electro         =               -9.78
Energy_SolvP    =               231.91
Energy_SolvH    =               -228.12
Energy_vdwclash =               13.87
energy_torsion  =               2.44
backbone_vdwclash=              131.17
Entropy_sidec   =               96.76
Entropy_mainc   =               197.94
water bonds     =               0.00
helix dipole    =               -3.31
loop_entropy    =               0.00
cis_bond        =               0.00
disulfide       =               0.00
kn electrostatic=               -1.55
partial covalent interactions = 0.00
Energy_Ionisation =             0.17
Entropy Complex =               0.00
-----------------------------------------------------------
Total          = 				  -9.49

Now optimizing Residue ARGA5
