   ********************************************
   ***                                      ***
   ***             FoldX 5 (c)            ***
   ***                                      ***
   ***     code by the FoldX Consortium     ***
   ***                                      ***
   ***     Jesper Borg, Frederic Rousseau   ***
   ***    Joost Schymkowitz, Luis Serrano   ***
   ***    Peter Vanhee, Erik Verschueren    ***
   ***     Lies Baeten, Javier Delgado      ***
   ***       and Francois Stricher          ***
   *** and any other of the 9! permutations ***
   ***   based on an original concept by    ***
   ***   Raphael Guerois and Luis Serrano   ***
   ********************************************

Reading config file 'runfile.txt'
Start RepairPDB >>>

1 models read: P57086_P28698_scand_complex_model0_checked.pdb
"P57086_P28698_scand_complex_model0_checked_Repair.fxout"
Repair will take all residues into account
wild type

BackHbond       =               -101.99
SideHbond       =               -24.46
Energy_VdW      =               -164.42
Electro         =               -13.04
Energy_SolvP    =               226.28
Energy_SolvH    =               -216.51
Energy_vdwclash =               10.58
energy_torsion  =               2.81
backbone_vdwclash=              121.22
Entropy_sidec   =               95.13
Entropy_mainc   =               189.48
water bonds     =               0.00
helix dipole    =               -2.19
loop_entropy    =               0.00
cis_bond        =               0.00
disulfide       =               0.00
kn electrostatic=               -1.83
partial covalent interactions = 0.00
Energy_Ionisation =             0.00
Entropy Complex =               0.00
-----------------------------------------------------------
Total          = 				  -0.18

Flipping HNQ

BackHbond       =               -101.99
SideHbond       =               -24.46
Energy_VdW      =               -164.40
Electro         =               -13.04
Energy_SolvP    =               226.27
Energy_SolvH    =               -216.51
Energy_vdwclash =               10.01
energy_torsion  =               2.81
backbone_vdwclash=              121.22
Entropy_sidec   =               95.12
Entropy_mainc   =               189.48
water bonds     =               0.00
helix dipole    =               -2.19
loop_entropy    =               0.00
cis_bond        =               0.00
disulfide       =               0.00
kn electrostatic=               -1.83
partial covalent interactions = 0.00
Energy_Ionisation =             0.00
Entropy Complex =               0.00
-----------------------------------------------------------
Total          = 				  -0.73

Now Optimizing Residues
Now optimizing Residue ARGA1
Optimize Residue ID= ARGA1

BackHbond       =               -101.99
SideHbond       =               -24.46
Energy_VdW      =               -164.42
Electro         =               -13.05
Energy_SolvP    =               226.18
Energy_SolvH    =               -216.54
Energy_vdwclash =               10.01
energy_torsion  =               2.81
backbone_vdwclash=              121.22
Entropy_sidec   =               95.12
Entropy_mainc   =               189.48
water bonds     =               0.00
helix dipole    =               -2.19
loop_entropy    =               0.00
cis_bond        =               0.00
disulfide       =               0.00
kn electrostatic=               -1.83
partial covalent interactions = 0.00
Energy_Ionisation =             0.00
Entropy Complex =               0.00
-----------------------------------------------------------
Total          = 				  -0.89

Now optimizing Residue LEUA2
Optimize Residue ID= LEUA2

BackHbond       =               -101.99
SideHbond       =               -24.46
Energy_VdW      =               -164.44
Electro         =               -13.05
Energy_SolvP    =               226.18
Energy_SolvH    =               -216.57
Energy_vdwclash =               10.01
energy_torsion  =               2.81
backbone_vdwclash=              121.22
Entropy_sidec   =               95.14
Entropy_mainc   =               189.48
water bonds     =               0.00
helix dipole    =               -2.19
loop_entropy    =               0.00
cis_bond        =               0.00
disulfide       =               0.00
kn electrostatic=               -1.83
partial covalent interactions = 0.00
Energy_Ionisation =             0.00
Entropy Complex =               0.00
-----------------------------------------------------------
Total          = 				  -0.91

Now optimizing Residue ARGA3
Optimize Residue ID= ARGA3

BackHbond       =               -101.99
SideHbond       =               -24.46
Energy_VdW      =               -164.43
Electro         =               -13.06
Energy_SolvP    =               226.16
Energy_SolvH    =               -216.56
Energy_vdwclash =               9.93
energy_torsion  =               2.81
backbone_vdwclash=              121.22
Entropy_sidec   =               95.12
Entropy_mainc   =               189.48
water bonds     =               0.00
helix dipole    =               -2.19
loop_entropy    =               0.00
cis_bond        =               0.00
disulfide       =               0.00
kn electrostatic=               -1.83
partial covalent interactions = 0.00
Energy_Ionisation =             0.00
Entropy Complex =               0.00
-----------------------------------------------------------
Total          = 				  -1.02

Now optimizing Residue ARGA5
